/*C1*/SET SCHEMA PUBLIC
CONNECT USER SA
 SET PROPERTY "textdb.encoding" 'UTF-8'
 \u000a\u000acreate table HOSTS (\u000a     HOST_ID integer generated by default as identity (start with 0, increment by 1),\u000a     GUID varchar not null,\u000a     ADDRESS varchar not null,\u000a     PORT numeric not null,\u000a     QOS varchar,\u000a     PAPH varchar not null,\u000a     TIMESTAMP numeric not null,\u000a     constraint U_HOST unique(GUID),\u000a     constraint ID_HOSTS primary key (HOST_ID))
\u000a\u000acreate table DATA_ITEMS (\u000a     DATA_ITEM_ID integer generated by default as identity (start with 0, increment by 1),\u000a     GUID varchar not null,\u000a     TYPE_ID integer not null,\u000a     KEY varchar not null,\u000a     HOST_ID integer not null,\u000a     DATA varchar_ignorecase,\u000a     constraint U_DATA_ITEM unique(GUID),\u000a     constraint ID_DATA_ITEMS primary key (DATA_ITEM_ID))
\u000a\u000acreate table TYPES (\u000a     TYPE_ID integer generated by default as identity (start with 0, increment by 1),\u000a     NAME varchar not null,\u000a     constraint U_TYPE unique(NAME),\u000a     constraint ID_TYPES primary key (TYPE_ID))
\u000a\u000acreate table DATA_TABLES (\u000a     DATA_TABLE_ID integer generated by default as identity (start with 0, increment by 1),\u000a     HOST_ID integer not null,\u000a     SIGNATURE varchar,\u000a     constraint U_DATAHOST unique(HOST_ID),\u000a     constraint ID_DATA_TABLES primary key (DATA_TABLE_ID))
\u000a\u000acreate table DATA_TABLE_ITEMS (\u000a     DATA_TABLE_ID integer not null,\u000a     DATA_ITEM_ID integer not null,\u000a     constraint U_DATA_TABLE_ITEMS unique(DATA_TABLE_ID, DATA_ITEM_ID))
\u000a\u000acreate table FIDGET_LIST (\u000a     HOST_ID integer not null,\u000a     FID_HOST_ID integer not null,\u000a     constraint U_FIDGET unique(HOST_ID, FID_HOST_ID),\u000a     constraint ID_FIDGET_LIST primary key (HOST_ID, FID_HOST_ID))
\u000a\u000acreate table Config (\u000a\u0009KEY varchar not null,\u000a\u0009VALUE varchar,\u000a\u0009constraint U_CONFIG unique(KEY),\u000a\u0009constraint ID_CONFIG primary key (KEY))
\u000a\u0009\u000aalter table DATA_ITEMS add constraint FKType_of\u000a     foreign key (TYPE_ID)\u000a     references TYPES on delete cascade
\u000a\u000aalter table DATA_ITEMS add constraint FKOwns\u000a     foreign key (HOST_ID)\u000a     references HOSTS on delete cascade
\u000a\u000aalter table DATA_TABLES add constraint FKDataHost\u000a     foreign key (HOST_ID)\u000a     references HOSTS on delete cascade
\u000a\u000aalter table DATA_TABLE_ITEMS add constraint FKDataTable\u000a     foreign key (DATA_TABLE_ID)\u000a     references DATA_TABLES on delete cascade
\u000a\u000aalter table DATA_TABLE_ITEMS add constraint FKDataItem\u000a     foreign key (DATA_ITEM_ID)\u000a     references DATA_ITEMS on delete cascade
\u000a\u000aalter table FIDGET_LIST add constraint FKHost\u000a     foreign key (HOST_ID)\u000a     references HOSTS on delete cascade
\u000a\u000aalter table FIDGET_LIST add constraint FKFidget\u000a     foreign key (FID_HOST_ID)\u000a     references HOSTS on delete cascade
INSERT INTO HOSTS VALUES(0,'F8FFF9F25537BAD7D42A486367E83F594FD89A9B','Vedran-PC.lan',1234,'56','',1481606325861)
INSERT INTO DATA_TABLES VALUES(0,0,'')
INSERT INTO TYPES VALUES(0,'SimpleType')
INSERT INTO DATA_ITEMS VALUES(0,'F10B35488ED6E0CF292AFD7D1572D99A62C1B0F1',0,'111000110',0,'This is a data object (5096).')
INSERT INTO DATA_TABLE_ITEMS VALUES(0,0)
INSERT INTO DATA_ITEMS VALUES(1,'E239C35C5E3DFEDBFE81356643F2D5A4FB3E6BF0',0,'000000100',0,'1 This is a data object (9822).')
INSERT INTO DATA_TABLE_ITEMS VALUES(0,1)
INSERT INTO DATA_ITEMS VALUES(2,'2EEEB51C33AD455A7104A83F897B23E8F7E23E46',0,'111000110',0,'This is a data object (8578).')
INSERT INTO DATA_TABLE_ITEMS VALUES(0,2)
INSERT INTO DATA_ITEMS VALUES(3,'333A107290FCB1F6F9EA19CF33C96CAE4C51FF8E',0,'111000110',0,'This is a data object (4828).')
INSERT INTO DATA_TABLE_ITEMS VALUES(0,3)
INSERT INTO DATA_ITEMS VALUES(4,'1DC365BEC7B6ADC3FE518F13332BEE5BE4B4E6DA',0,'111000110',0,'This is a data object (6401).')
INSERT INTO DATA_TABLE_ITEMS VALUES(0,4)
INSERT INTO DATA_ITEMS VALUES(5,'B920A9BC8BAF23C561109B0415FC6F0A94B12FBB',0,'111000110',0,'This is a data object (9951).')
INSERT INTO DATA_TABLE_ITEMS VALUES(0,5)
INSERT INTO DATA_ITEMS VALUES(6,'A136797F5050E74C9CB270B355B12AEEB2769BCE',0,'111000110',0,'This is a data object (5602).')
INSERT INTO DATA_TABLE_ITEMS VALUES(0,6)
INSERT INTO DATA_ITEMS VALUES(7,'86E1DF12771D27DF620FEEE61BD7708DA7C3B81D',0,'111000110',0,'This is a data object (3655).')
INSERT INTO DATA_TABLE_ITEMS VALUES(0,7)
INSERT INTO DATA_ITEMS VALUES(8,'51C6C939CF9E342C5A2B036E59A784D1DB937358',0,'111000110',0,'This is a data object (3433).')
INSERT INTO DATA_TABLE_ITEMS VALUES(0,8)
INSERT INTO DATA_ITEMS VALUES(9,'9AEFDDF9E626C99D110C69563241B29583686C9F',0,'111000110',0,'This is a data object (9347).')
INSERT INTO DATA_TABLE_ITEMS VALUES(0,9)
